# JRE version: OpenJDK Runtime Environment Temurin-17.0.13+11 (17.0.13+11) (build 17.0.13+11)
# Java VM: OpenJDK 64-Bit Server VM Temurin-17.0.13+11 (17.0.13+11, mixed mode, tiered, compressed oops, compressed class ptrs, parallel gc, bsd-amd64)
GC Precious Log:
 CPUs: 4 total, 4 available
 Memory: 8192M
 Large Page Support: Disabled
 NUMA Support: Disabled
 Compressed Oops: Enabled (Zero based)
 Alignments: Space 512K, Generation 512K, Heap 2M
 Heap Min Capacity: 100M
 Heap Initial Capacity: 100M
 Heap Max Capacity: 1G
 Pre-touch: Disabled
 Parallel Workers: 4
Heap:
 PSYoungGen      total 28160K, used 28157K [0x00000007eab00000, 0x00000007ed480000, 0x0000000800000000)
  eden space 23040K, 100% used [0x00000007eab00000,0x00000007ec180000,0x00000007ec180000)
  from space 5120K, 99% used [0x00000007ec180000,0x00000007ec67f450,0x00000007ec680000)
  to   space 8704K, 43% used [0x00000007ecc00000,0x00000007ecfabb78,0x00000007ed480000)
 ParOldGen       total 227328K, used 204690K [0x00000007c0000000, 0x00000007cde00000, 0x00000007eab00000)
  object space 227328K, 90% used [0x00000007c0000000,0x00000007cc7e4a80,0x00000007cde00000)
 Metaspace       used 65573K, committed 66688K, reserved 1114112K
  class space    used 6981K, committed 7424K, reserved 1048576K
GC Heap History (20 events):
Event: 28.773 GC heap after
{Heap after GC invocations=128 (full 7):
 PSYoungGen      total 15872K, used 2032K [0x00000007eab00000, 0x00000007ec580000, 0x0000000800000000)
  eden space 13824K, 0% used [0x00000007eab00000,0x00000007eab00000,0x00000007eb880000)
  from space 2048K, 99% used [0x00000007ebd80000,0x00000007ebf7c170,0x00000007ebf80000)
  to   space 5120K, 0% used [0x00000007eb880000,0x00000007eb880000,0x00000007ebd80000)
 ParOldGen       total 193536K, used 183750K [0x00000007c0000000, 0x00000007cbd00000, 0x00000007eab00000)
  object space 193536K, 94% used [0x00000007c0000000,0x00000007cb371850,0x00000007cbd00000)
 Metaspace       used 63522K, committed 64576K, reserved 1114112K
  class space    used 6710K, committed 7168K, reserved 1048576K
}
Event: 28.910 GC heap before
{Heap before GC invocations=129 (full 7):
 PSYoungGen      total 15872K, used 15856K [0x00000007eab00000, 0x00000007ec580000, 0x0000000800000000)
  eden space 13824K, 100% used [0x00000007eab00000,0x00000007eb880000,0x00000007eb880000)
  from space 2048K, 99% used [0x00000007ebd80000,0x00000007ebf7c170,0x00000007ebf80000)
  to   space 5120K, 0% used [0x00000007eb880000,0x00000007eb880000,0x00000007ebd80000)
 ParOldGen       total 193536K, used 183750K [0x00000007c0000000, 0x00000007cbd00000, 0x00000007eab00000)
  object space 193536K, 94% used [0x00000007c0000000,0x00000007cb371850,0x00000007cbd00000)
 Metaspace       used 63573K, committed 64640K, reserved 1114112K
  class space    used 6710K, committed 7168K, reserved 1048576K
}
Event: 28.916 GC heap after
{Heap after GC invocations=129 (full 7):
 PSYoungGen      total 18944K, used 5119K [0x00000007eab00000, 0x00000007eca00000, 0x0000000800000000)
  eden space 13824K, 0% used [0x00000007eab00000,0x00000007eab00000,0x00000007eb880000)
  from space 5120K, 99% used [0x00000007eb880000,0x00000007ebd7ff10,0x00000007ebd80000)
  to   space 8192K, 0% used [0x00000007ec200000,0x00000007ec200000,0x00000007eca00000)
 ParOldGen       total 193536K, used 185876K [0x00000007c0000000, 0x00000007cbd00000, 0x00000007eab00000)
  object space 193536K, 96% used [0x00000007c0000000,0x00000007cb585238,0x00000007cbd00000)
 Metaspace       used 63573K, committed 64640K, reserved 1114112K
  class space    used 6710K, committed 7168K, reserved 1048576K
}
Event: 28.995 GC heap before
{Heap before GC invocations=130 (full 7):
 PSYoungGen      total 18944K, used 18943K [0x00000007eab00000, 0x00000007eca00000, 0x0000000800000000)
  eden space 13824K, 100% used [0x00000007eab00000,0x00000007eb880000,0x00000007eb880000)
  from space 5120K, 99% used [0x00000007eb880000,0x00000007ebd7ff10,0x00000007ebd80000)
  to   space 8192K, 0% used [0x00000007ec200000,0x00000007ec200000,0x00000007eca00000)
 ParOldGen       total 193536K, used 185876K [0x00000007c0000000, 0x00000007cbd00000, 0x00000007eab00000)
  object space 193536K, 96% used [0x00000007c0000000,0x00000007cb585238,0x00000007cbd00000)
 Metaspace       used 63624K, committed 64768K, reserved 1114112K
  class space    used 6711K, committed 7168K, reserved 1048576K
}
Event: 29.004 GC heap after
{Heap after GC invocations=130 (full 7):
 PSYoungGen      total 18432K, used 2814K [0x00000007eab00000, 0x00000007ec500000, 0x0000000800000000)
  eden space 15360K, 0% used [0x00000007eab00000,0x00000007eab00000,0x00000007eba00000)
  from space 3072K, 91% used [0x00000007ec200000,0x00000007ec4bf910,0x00000007ec500000)
  to   space 4608K, 0% used [0x00000007ebc00000,0x00000007ebc00000,0x00000007ec080000)
 ParOldGen       total 193536K, used 190894K [0x00000007c0000000, 0x00000007cbd00000, 0x00000007eab00000)
  object space 193536K, 98% used [0x00000007c0000000,0x00000007cba6bad8,0x00000007cbd00000)
 Metaspace       used 63624K, committed 64768K, reserved 1114112K
  class space    used 6711K, committed 7168K, reserved 1048576K
}
Event: 29.108 GC heap before
{Heap before GC invocations=131 (full 8):
 PSYoungGen      total 18432K, used 18174K [0x00000007eab00000, 0x00000007ec500000, 0x0000000800000000)
  eden space 15360K, 100% used [0x00000007eab00000,0x00000007eba00000,0x00000007eba00000)
  from space 3072K, 91% used [0x00000007ec200000,0x00000007ec4bf910,0x00000007ec500000)
  to   space 4608K, 0% used [0x00000007ebc00000,0x00000007ebc00000,0x00000007ec080000)
 ParOldGen       total 193536K, used 190894K [0x00000007c0000000, 0x00000007cbd00000, 0x00000007eab00000)
  object space 193536K, 98% used [0x00000007c0000000,0x00000007cba6bad8,0x00000007cbd00000)
 Metaspace       used 63658K, committed 64768K, reserved 1114112K
  class space    used 6711K, committed 7168K, reserved 1048576K
}
Event: 29.315 GC heap after
{Heap after GC invocations=131 (full 8):
 PSYoungGen      total 17408K, used 0K [0x00000007eab00000, 0x00000007ec480000, 0x0000000800000000)
  eden space 16896K, 0% used [0x00000007eab00000,0x00000007eab00000,0x00000007ebb80000)
  from space 512K, 0% used [0x00000007ebc00000,0x00000007ebc00000,0x00000007ebc80000)
  to   space 4608K, 0% used [0x00000007ec000000,0x00000007ec000000,0x00000007ec480000)
 ParOldGen       total 227328K, used 184637K [0x00000007c0000000, 0x00000007cde00000, 0x00000007eab00000)
  object space 227328K, 81% used [0x00000007c0000000,0x00000007cb44f508,0x00000007cde00000)
 Metaspace       used 63658K, committed 64768K, reserved 1114112K
  class space    used 6711K, committed 7168K, reserved 1048576K
}
Event: 29.438 GC heap before
{Heap before GC invocations=132 (full 8):
 PSYoungGen      total 17408K, used 16896K [0x00000007eab00000, 0x00000007ec480000, 0x0000000800000000)
  eden space 16896K, 100% used [0x00000007eab00000,0x00000007ebb80000,0x00000007ebb80000)
  from space 512K, 0% used [0x00000007ebc00000,0x00000007ebc00000,0x00000007ebc80000)
  to   space 4608K, 0% used [0x00000007ec000000,0x00000007ec000000,0x00000007ec480000)
 ParOldGen       total 227328K, used 184637K [0x00000007c0000000, 0x00000007cde00000, 0x00000007eab00000)
  object space 227328K, 81% used [0x00000007c0000000,0x00000007cb44f508,0x00000007cde00000)
 Metaspace       used 63686K, committed 64832K, reserved 1114112K
  class space    used 6711K, committed 7168K, reserved 1048576K
}
Event: 29.445 GC heap after
{Heap after GC invocations=132 (full 8):
 PSYoungGen      total 22016K, used 3307K [0x00000007eab00000, 0x00000007ec400000, 0x0000000800000000)
  eden space 17920K, 0% used [0x00000007eab00000,0x00000007eab00000,0x00000007ebc80000)
  from space 4096K, 80% used [0x00000007ec000000,0x00000007ec33ad78,0x00000007ec400000)
  to   space 3584K, 0% used [0x00000007ebc80000,0x00000007ebc80000,0x00000007ec000000)
 ParOldGen       total 227328K, used 184637K [0x00000007c0000000, 0x00000007cde00000, 0x00000007eab00000)
  object space 227328K, 81% used [0x00000007c0000000,0x00000007cb44f508,0x00000007cde00000)
 Metaspace       used 63686K, committed 64832K, reserved 1114112K
  class space    used 6711K, committed 7168K, reserved 1048576K
}
Event: 29.540 GC heap before
{Heap before GC invocations=133 (full 8):
 PSYoungGen      total 22016K, used 21227K [0x00000007eab00000, 0x00000007ec400000, 0x0000000800000000)
  eden space 17920K, 100% used [0x00000007eab00000,0x00000007ebc80000,0x00000007ebc80000)
  from space 4096K, 80% used [0x00000007ec000000,0x00000007ec33ad78,0x00000007ec400000)
  to   space 3584K, 0% used [0x00000007ebc80000,0x00000007ebc80000,0x00000007ec000000)
 ParOldGen       total 227328K, used 184637K [0x00000007c0000000, 0x00000007cde00000, 0x00000007eab00000)
  object space 227328K, 81% used [0x00000007c0000000,0x00000007cb44f508,0x00000007cde00000)
 Metaspace       used 63720K, committed 64832K, reserved 1114112K
  class space    used 6711K, committed 7168K, reserved 1048576K
}
Event: 29.545 GC heap after
{Heap after GC invocations=133 (full 8):
 PSYoungGen      total 21504K, used 3572K [0x00000007eab00000, 0x00000007ecc00000, 0x0000000800000000)
  eden space 17920K, 0% used [0x00000007eab00000,0x00000007eab00000,0x00000007ebc80000)
  from space 3584K, 99% used [0x00000007ebc80000,0x00000007ebffd0b8,0x00000007ec000000)
  to   space 7168K, 0% used [0x00000007ec500000,0x00000007ec500000,0x00000007ecc00000)
 ParOldGen       total 227328K, used 187628K [0x00000007c0000000, 0x00000007cde00000, 0x00000007eab00000)
  object space 227328K, 82% used [0x00000007c0000000,0x00000007cb73b0e8,0x00000007cde00000)
 Metaspace       used 63720K, committed 64832K, reserved 1114112K
  class space    used 6711K, committed 7168K, reserved 1048576K
}
Event: 29.644 GC heap before
{Heap before GC invocations=134 (full 8):
 PSYoungGen      total 21504K, used 21492K [0x00000007eab00000, 0x00000007ecc00000, 0x0000000800000000)
  eden space 17920K, 100% used [0x00000007eab00000,0x00000007ebc80000,0x00000007ebc80000)
  from space 3584K, 99% used [0x00000007ebc80000,0x00000007ebffd0b8,0x00000007ec000000)
  to   space 7168K, 0% used [0x00000007ec500000,0x00000007ec500000,0x00000007ecc00000)
 ParOldGen       total 227328K, used 187628K [0x00000007c0000000, 0x00000007cde00000, 0x00000007eab00000)
  object space 227328K, 82% used [0x00000007c0000000,0x00000007cb73b0e8,0x00000007cde00000)
 Metaspace       used 64070K, committed 65216K, reserved 1114112K
  class space    used 6748K, committed 7232K, reserved 1048576K
}
Event: 29.653 GC heap after
{Heap after GC invocations=134 (full 8):
 PSYoungGen      total 23040K, used 3445K [0x00000007eab00000, 0x00000007ec880000, 0x0000000800000000)
  eden space 19456K, 0% used [0x00000007eab00000,0x00000007eab00000,0x00000007ebe00000)
  from space 3584K, 96% used [0x00000007ec500000,0x00000007ec85d740,0x00000007ec880000)
  to   space 4608K, 0% used [0x00000007ebf80000,0x00000007ebf80000,0x00000007ec400000)
 ParOldGen       total 227328K, used 190913K [0x00000007c0000000, 0x00000007cde00000, 0x00000007eab00000)
  object space 227328K, 83% used [0x00000007c0000000,0x00000007cba707b8,0x00000007cde00000)
 Metaspace       used 64070K, committed 65216K, reserved 1114112K
  class space    used 6748K, committed 7232K, reserved 1048576K
}
Event: 29.772 GC heap before
{Heap before GC invocations=135 (full 8):
 PSYoungGen      total 23040K, used 22901K [0x00000007eab00000, 0x00000007ec880000, 0x0000000800000000)
  eden space 19456K, 100% used [0x00000007eab00000,0x00000007ebe00000,0x00000007ebe00000)
  from space 3584K, 96% used [0x00000007ec500000,0x00000007ec85d740,0x00000007ec880000)
  to   space 4608K, 0% used [0x00000007ebf80000,0x00000007ebf80000,0x00000007ec400000)
 ParOldGen       total 227328K, used 190913K [0x00000007c0000000, 0x00000007cde00000, 0x00000007eab00000)
  object space 227328K, 83% used [0x00000007c0000000,0x00000007cba707b8,0x00000007cde00000)
 Metaspace       used 64304K, committed 65408K, reserved 1114112K
  class space    used 6763K, committed 7232K, reserved 1048576K
}
Event: 29.778 GC heap after
{Heap after GC invocations=135 (full 8):
 PSYoungGen      total 25600K, used 4595K [0x00000007eab00000, 0x00000007ecd80000, 0x0000000800000000)
  eden space 20992K, 0% used [0x00000007eab00000,0x00000007eab00000,0x00000007ebf80000)
  from space 4608K, 99% used [0x00000007ebf80000,0x00000007ec3fcfb8,0x00000007ec400000)
  to   space 7168K, 0% used [0x00000007ec680000,0x00000007ec680000,0x00000007ecd80000)
 ParOldGen       total 227328K, used 192882K [0x00000007c0000000, 0x00000007cde00000, 0x00000007eab00000)
  object space 227328K, 84% used [0x00000007c0000000,0x00000007cbc5cb00,0x00000007cde00000)
 Metaspace       used 64304K, committed 65408K, reserved 1114112K
  class space    used 6763K, committed 7232K, reserved 1048576K
}
Event: 29.863 GC heap before
{Heap before GC invocations=136 (full 8):
 PSYoungGen      total 25600K, used 25587K [0x00000007eab00000, 0x00000007ecd80000, 0x0000000800000000)
  eden space 20992K, 100% used [0x00000007eab00000,0x00000007ebf80000,0x00000007ebf80000)
  from space 4608K, 99% used [0x00000007ebf80000,0x00000007ec3fcfb8,0x00000007ec400000)
  to   space 7168K, 0% used [0x00000007ec680000,0x00000007ec680000,0x00000007ecd80000)
 ParOldGen       total 227328K, used 192882K [0x00000007c0000000, 0x00000007cde00000, 0x00000007eab00000)
  object space 227328K, 84% used [0x00000007c0000000,0x00000007cbc5cb00,0x00000007cde00000)
 Metaspace       used 64317K, committed 65408K, reserved 1114112K
  class space    used 6763K, committed 7232K, reserved 1048576K
}
Event: 29.872 GC heap after
{Heap after GC invocations=136 (full 8):
 PSYoungGen      total 28160K, used 4018K [0x00000007eab00000, 0x00000007ecb80000, 0x0000000800000000)
  eden space 23040K, 0% used [0x00000007eab00000,0x00000007eab00000,0x00000007ec180000)
  from space 5120K, 78% used [0x00000007ec680000,0x00000007eca6c838,0x00000007ecb80000)
  to   space 5120K, 0% used [0x00000007ec180000,0x00000007ec180000,0x00000007ec680000)
 ParOldGen       total 227328K, used 197297K [0x00000007c0000000, 0x00000007cde00000, 0x00000007eab00000)
  object space 227328K, 86% used [0x00000007c0000000,0x00000007cc0ac6a8,0x00000007cde00000)
 Metaspace       used 64317K, committed 65408K, reserved 1114112K
  class space    used 6763K, committed 7232K, reserved 1048576K
}
Event: 29.996 GC heap before
{Heap before GC invocations=137 (full 8):
 PSYoungGen      total 28160K, used 27058K [0x00000007eab00000, 0x00000007ecb80000, 0x0000000800000000)
  eden space 23040K, 100% used [0x00000007eab00000,0x00000007ec180000,0x00000007ec180000)
  from space 5120K, 78% used [0x00000007ec680000,0x00000007eca6c838,0x00000007ecb80000)
  to   space 5120K, 0% used [0x00000007ec180000,0x00000007ec180000,0x00000007ec680000)
 ParOldGen       total 227328K, used 197297K [0x00000007c0000000, 0x00000007cde00000, 0x00000007eab00000)
  object space 227328K, 86% used [0x00000007c0000000,0x00000007cc0ac6a8,0x00000007cde00000)
 Metaspace       used 64808K, committed 65984K, reserved 1114112K
  class space    used 6847K, committed 7296K, reserved 1048576K
}
Event: 30.003 GC heap after
{Heap after GC invocations=137 (full 8):
 PSYoungGen      total 28160K, used 5117K [0x00000007eab00000, 0x00000007ed480000, 0x0000000800000000)
  eden space 23040K, 0% used [0x00000007eab00000,0x00000007eab00000,0x00000007ec180000)
  from space 5120K, 99% used [0x00000007ec180000,0x00000007ec67f450,0x00000007ec680000)
  to   space 8704K, 0% used [0x00000007ecc00000,0x00000007ecc00000,0x00000007ed480000)
 ParOldGen       total 227328K, used 199848K [0x00000007c0000000, 0x00000007cde00000, 0x00000007eab00000)
  object space 227328K, 87% used [0x00000007c0000000,0x00000007cc32a0a0,0x00000007cde00000)
 Metaspace       used 64808K, committed 65984K, reserved 1114112K
  class space    used 6847K, committed 7296K, reserved 1048576K
}
Event: 30.109 GC heap before
{Heap before GC invocations=138 (full 8):
 PSYoungGen      total 28160K, used 28157K [0x00000007eab00000, 0x00000007ed480000, 0x0000000800000000)
  eden space 23040K, 100% used [0x00000007eab00000,0x00000007ec180000,0x00000007ec180000)
  from space 5120K, 99% used [0x00000007ec180000,0x00000007ec67f450,0x00000007ec680000)
  to   space 8704K, 0% used [0x00000007ecc00000,0x00000007ecc00000,0x00000007ed480000)
 ParOldGen       total 227328K, used 199848K [0x00000007c0000000, 0x00000007cde00000, 0x00000007eab00000)
  object space 227328K, 87% used [0x00000007c0000000,0x00000007cc32a0a0,0x00000007cde00000)
 Metaspace       used 65573K, committed 66688K, reserved 1114112K
  class space    used 6981K, committed 7424K, reserved 1048576K
}

