# JRE version: OpenJDK Runtime Environment Temurin-17.0.13+11 (17.0.13+11) (build 17.0.13+11)
# Java VM: OpenJDK 64-Bit Server VM Temurin-17.0.13+11 (17.0.13+11, mixed mode, tiered, compressed oops, compressed class ptrs, parallel gc, bsd-amd64)
GC Precious Log:
 CPUs: 4 total, 4 available
 Memory: 8192M
 Large Page Support: Disabled
 NUMA Support: Disabled
 Compressed Oops: Enabled (Zero based)
 Alignments: Space 512K, Generation 512K, Heap 2M
 Heap Min Capacity: 100M
 Heap Initial Capacity: 100M
 Heap Max Capacity: 1G
 Pre-touch: Disabled
 Parallel Workers: 4
Heap:
 PSYoungGen      total 9216K, used 6202K [0x00000007eab00000, 0x00000007eb600000, 0x0000000800000000)
  eden space 8192K, 66% used [0x00000007eab00000,0x00000007eb0569b0,0x00000007eb300000)
  from space 1024K, 71% used [0x00000007eb300000,0x00000007eb3b8000,0x00000007eb400000)
  to   space 1536K, 0% used [0x00000007eb480000,0x00000007eb480000,0x00000007eb600000)
 ParOldGen       total 507392K, used 430852K [0x00000007c0000000, 0x00000007def80000, 0x00000007eab00000)
  object space 507392K, 84% used [0x00000007c0000000,0x00000007da4c1190,0x00000007def80000)
 Metaspace       used 78814K, committed 80064K, reserved 1179648K
  class space    used 8996K, committed 9536K, reserved 1048576K
GC Heap History (20 events):
Event: 695.704 GC heap before
{Heap before GC invocations=696 (full 21):
 PSYoungGen      total 9216K, used 9185K [0x00000007eab00000, 0x00000007eb800000, 0x0000000800000000)
  eden space 8192K, 100% used [0x00000007eab00000,0x00000007eb300000,0x00000007eb300000)
  from space 1024K, 96% used [0x00000007eb300000,0x00000007eb3f8448,0x00000007eb400000)
  to   space 2560K, 0% used [0x00000007eb580000,0x00000007eb580000,0x00000007eb800000)
 ParOldGen       total 450560K, used 443989K [0x00000007c0000000, 0x00000007db800000, 0x00000007eab00000)
  object space 450560K, 98% used [0x00000007c0000000,0x00000007db195520,0x00000007db800000)
 Metaspace       used 78826K, committed 80064K, reserved 1179648K
  class space    used 8999K, committed 9536K, reserved 1048576K
}
Event: 695.707 GC heap after
{Heap after GC invocations=696 (full 21):
 PSYoungGen      total 9216K, used 896K [0x00000007eab00000, 0x00000007eb680000, 0x0000000800000000)
  eden space 8192K, 0% used [0x00000007eab00000,0x00000007eab00000,0x00000007eb300000)
  from space 1024K, 87% used [0x00000007eb580000,0x00000007eb660000,0x00000007eb680000)
  to   space 1536K, 0% used [0x00000007eb380000,0x00000007eb380000,0x00000007eb500000)
 ParOldGen       total 450560K, used 444901K [0x00000007c0000000, 0x00000007db800000, 0x00000007eab00000)
  object space 450560K, 98% used [0x00000007c0000000,0x00000007db279520,0x00000007db800000)
 Metaspace       used 78826K, committed 80064K, reserved 1179648K
  class space    used 8999K, committed 9536K, reserved 1048576K
}
Event: 695.746 GC heap before
{Heap before GC invocations=697 (full 21):
 PSYoungGen      total 9216K, used 9088K [0x00000007eab00000, 0x00000007eb680000, 0x0000000800000000)
  eden space 8192K, 100% used [0x00000007eab00000,0x00000007eb300000,0x00000007eb300000)
  from space 1024K, 87% used [0x00000007eb580000,0x00000007eb660000,0x00000007eb680000)
  to   space 1536K, 0% used [0x00000007eb380000,0x00000007eb380000,0x00000007eb500000)
 ParOldGen       total 450560K, used 444901K [0x00000007c0000000, 0x00000007db800000, 0x00000007eab00000)
  object space 450560K, 98% used [0x00000007c0000000,0x00000007db279520,0x00000007db800000)
 Metaspace       used 78826K, committed 80064K, reserved 1179648K
  class space    used 8999K, committed 9536K, reserved 1048576K
}
Event: 695.749 GC heap after
{Heap after GC invocations=697 (full 21):
 PSYoungGen      total 9728K, used 864K [0x00000007eab00000, 0x00000007eb600000, 0x0000000800000000)
  eden space 8192K, 0% used [0x00000007eab00000,0x00000007eab00000,0x00000007eb300000)
  from space 1536K, 56% used [0x00000007eb380000,0x00000007eb458000,0x00000007eb500000)
  to   space 1024K, 0% used [0x00000007eb500000,0x00000007eb500000,0x00000007eb600000)
 ParOldGen       total 450560K, used 445685K [0x00000007c0000000, 0x00000007db800000, 0x00000007eab00000)
  object space 450560K, 98% used [0x00000007c0000000,0x00000007db33d520,0x00000007db800000)
 Metaspace       used 78826K, committed 80064K, reserved 1179648K
  class space    used 8999K, committed 9536K, reserved 1048576K
}
Event: 698.331 GC heap before
{Heap before GC invocations=698 (full 21):
 PSYoungGen      total 9728K, used 9056K [0x00000007eab00000, 0x00000007eb600000, 0x0000000800000000)
  eden space 8192K, 100% used [0x00000007eab00000,0x00000007eb300000,0x00000007eb300000)
  from space 1536K, 56% used [0x00000007eb380000,0x00000007eb458000,0x00000007eb500000)
  to   space 1024K, 0% used [0x00000007eb500000,0x00000007eb500000,0x00000007eb600000)
 ParOldGen       total 450560K, used 445685K [0x00000007c0000000, 0x00000007db800000, 0x00000007eab00000)
  object space 450560K, 98% used [0x00000007c0000000,0x00000007db33d520,0x00000007db800000)
 Metaspace       used 78826K, committed 80064K, reserved 1179648K
  class space    used 8999K, committed 9536K, reserved 1048576K
}
Event: 698.339 GC heap after
{Heap after GC invocations=698 (full 21):
 PSYoungGen      total 9216K, used 832K [0x00000007eab00000, 0x00000007eb600000, 0x0000000800000000)
  eden space 8192K, 0% used [0x00000007eab00000,0x00000007eab00000,0x00000007eb300000)
  from space 1024K, 81% used [0x00000007eb500000,0x00000007eb5d0000,0x00000007eb600000)
  to   space 1024K, 0% used [0x00000007eb400000,0x00000007eb400000,0x00000007eb500000)
 ParOldGen       total 450560K, used 446453K [0x00000007c0000000, 0x00000007db800000, 0x00000007eab00000)
  object space 450560K, 99% used [0x00000007c0000000,0x00000007db3fd520,0x00000007db800000)
 Metaspace       used 78826K, committed 80064K, reserved 1179648K
  class space    used 8999K, committed 9536K, reserved 1048576K
}
Event: 699.591 GC heap before
{Heap before GC invocations=699 (full 21):
 PSYoungGen      total 9216K, used 9024K [0x00000007eab00000, 0x00000007eb600000, 0x0000000800000000)
  eden space 8192K, 100% used [0x00000007eab00000,0x00000007eb300000,0x00000007eb300000)
  from space 1024K, 81% used [0x00000007eb500000,0x00000007eb5d0000,0x00000007eb600000)
  to   space 1024K, 0% used [0x00000007eb400000,0x00000007eb400000,0x00000007eb500000)
 ParOldGen       total 450560K, used 446453K [0x00000007c0000000, 0x00000007db800000, 0x00000007eab00000)
  object space 450560K, 99% used [0x00000007c0000000,0x00000007db3fd520,0x00000007db800000)
 Metaspace       used 78826K, committed 80064K, reserved 1179648K
  class space    used 8999K, committed 9536K, reserved 1048576K
}
Event: 699.605 GC heap after
{Heap after GC invocations=699 (full 21):
 PSYoungGen      total 9216K, used 864K [0x00000007eab00000, 0x00000007eb580000, 0x0000000800000000)
  eden space 8192K, 0% used [0x00000007eab00000,0x00000007eab00000,0x00000007eb300000)
  from space 1024K, 84% used [0x00000007eb400000,0x00000007eb4d8000,0x00000007eb500000)
  to   space 512K, 0% used [0x00000007eb500000,0x00000007eb500000,0x00000007eb580000)
 ParOldGen       total 450560K, used 447229K [0x00000007c0000000, 0x00000007db800000, 0x00000007eab00000)
  object space 450560K, 99% used [0x00000007c0000000,0x00000007db4bf520,0x00000007db800000)
 Metaspace       used 78826K, committed 80064K, reserved 1179648K
  class space    used 8999K, committed 9536K, reserved 1048576K
}
Event: 699.656 GC heap before
{Heap before GC invocations=700 (full 21):
 PSYoungGen      total 9216K, used 9056K [0x00000007eab00000, 0x00000007eb580000, 0x0000000800000000)
  eden space 8192K, 100% used [0x00000007eab00000,0x00000007eb300000,0x00000007eb300000)
  from space 1024K, 84% used [0x00000007eb400000,0x00000007eb4d8000,0x00000007eb500000)
  to   space 512K, 0% used [0x00000007eb500000,0x00000007eb500000,0x00000007eb580000)
 ParOldGen       total 450560K, used 447229K [0x00000007c0000000, 0x00000007db800000, 0x00000007eab00000)
  object space 450560K, 99% used [0x00000007c0000000,0x00000007db4bf520,0x00000007db800000)
 Metaspace       used 78826K, committed 80064K, reserved 1179648K
  class space    used 8999K, committed 9536K, reserved 1048576K
}
Event: 699.672 GC heap after
{Heap after GC invocations=700 (full 21):
 PSYoungGen      total 8704K, used 512K [0x00000007eab00000, 0x00000007eb700000, 0x0000000800000000)
  eden space 8192K, 0% used [0x00000007eab00000,0x00000007eab00000,0x00000007eb300000)
  from space 512K, 100% used [0x00000007eb500000,0x00000007eb580000,0x00000007eb580000)
  to   space 2048K, 0% used [0x00000007eb300000,0x00000007eb300000,0x00000007eb500000)
 ParOldGen       total 450560K, used 448229K [0x00000007c0000000, 0x00000007db800000, 0x00000007eab00000)
  object space 450560K, 99% used [0x00000007c0000000,0x00000007db5b9520,0x00000007db800000)
 Metaspace       used 78826K, committed 80064K, reserved 1179648K
  class space    used 8999K, committed 9536K, reserved 1048576K
}
Event: 700.002 GC heap before
{Heap before GC invocations=701 (full 21):
 PSYoungGen      total 8704K, used 8704K [0x00000007eab00000, 0x00000007eb700000, 0x0000000800000000)
  eden space 8192K, 100% used [0x00000007eab00000,0x00000007eb300000,0x00000007eb300000)
  from space 512K, 100% used [0x00000007eb500000,0x00000007eb580000,0x00000007eb580000)
  to   space 2048K, 0% used [0x00000007eb300000,0x00000007eb300000,0x00000007eb500000)
 ParOldGen       total 450560K, used 448229K [0x00000007c0000000, 0x00000007db800000, 0x00000007eab00000)
  object space 450560K, 99% used [0x00000007c0000000,0x00000007db5b9520,0x00000007db800000)
 Metaspace       used 78826K, committed 80064K, reserved 1179648K
  class space    used 8999K, committed 9536K, reserved 1048576K
}
Event: 700.029 GC heap after
{Heap after GC invocations=701 (full 21):
 PSYoungGen      total 9216K, used 864K [0x00000007eab00000, 0x00000007eb600000, 0x0000000800000000)
  eden space 8192K, 0% used [0x00000007eab00000,0x00000007eab00000,0x00000007eb300000)
  from space 1024K, 84% used [0x00000007eb300000,0x00000007eb3d8000,0x00000007eb400000)
  to   space 1536K, 0% used [0x00000007eb480000,0x00000007eb480000,0x00000007eb600000)
 ParOldGen       total 450560K, used 448725K [0x00000007c0000000, 0x00000007db800000, 0x00000007eab00000)
  object space 450560K, 99% used [0x00000007c0000000,0x00000007db635520,0x00000007db800000)
 Metaspace       used 78826K, committed 80064K, reserved 1179648K
  class space    used 8999K, committed 9536K, reserved 1048576K
}
Event: 700.192 GC heap before
{Heap before GC invocations=702 (full 21):
 PSYoungGen      total 9216K, used 9056K [0x00000007eab00000, 0x00000007eb600000, 0x0000000800000000)
  eden space 8192K, 100% used [0x00000007eab00000,0x00000007eb300000,0x00000007eb300000)
  from space 1024K, 84% used [0x00000007eb300000,0x00000007eb3d8000,0x00000007eb400000)
  to   space 1536K, 0% used [0x00000007eb480000,0x00000007eb480000,0x00000007eb600000)
 ParOldGen       total 450560K, used 448725K [0x00000007c0000000, 0x00000007db800000, 0x00000007eab00000)
  object space 450560K, 99% used [0x00000007c0000000,0x00000007db635520,0x00000007db800000)
 Metaspace       used 78826K, committed 80064K, reserved 1179648K
  class space    used 8999K, committed 9536K, reserved 1048576K
}
Event: 700.205 GC heap after
{Heap after GC invocations=702 (full 21):
 PSYoungGen      total 9216K, used 864K [0x00000007eab00000, 0x00000007eb580000, 0x0000000800000000)
  eden space 8192K, 0% used [0x00000007eab00000,0x00000007eab00000,0x00000007eb300000)
  from space 1024K, 84% used [0x00000007eb480000,0x00000007eb558000,0x00000007eb580000)
  to   space 1024K, 0% used [0x00000007eb300000,0x00000007eb300000,0x00000007eb400000)
 ParOldGen       total 450560K, used 449533K [0x00000007c0000000, 0x00000007db800000, 0x00000007eab00000)
  object space 450560K, 99% used [0x00000007c0000000,0x00000007db6ff520,0x00000007db800000)
 Metaspace       used 78826K, committed 80064K, reserved 1179648K
  class space    used 8999K, committed 9536K, reserved 1048576K
}
Event: 700.376 GC heap before
{Heap before GC invocations=703 (full 21):
 PSYoungGen      total 9216K, used 9056K [0x00000007eab00000, 0x00000007eb580000, 0x0000000800000000)
  eden space 8192K, 100% used [0x00000007eab00000,0x00000007eb300000,0x00000007eb300000)
  from space 1024K, 84% used [0x00000007eb480000,0x00000007eb558000,0x00000007eb580000)
  to   space 1024K, 0% used [0x00000007eb300000,0x00000007eb300000,0x00000007eb400000)
 ParOldGen       total 450560K, used 449533K [0x00000007c0000000, 0x00000007db800000, 0x00000007eab00000)
  object space 450560K, 99% used [0x00000007c0000000,0x00000007db6ff520,0x00000007db800000)
 Metaspace       used 78826K, committed 80064K, reserved 1179648K
  class space    used 8999K, committed 9536K, reserved 1048576K
}
Event: 700.390 GC heap after
{Heap after GC invocations=703 (full 21):
 PSYoungGen      total 9216K, used 1012K [0x00000007eab00000, 0x00000007eb800000, 0x0000000800000000)
  eden space 8192K, 0% used [0x00000007eab00000,0x00000007eab00000,0x00000007eb300000)
  from space 1024K, 98% used [0x00000007eb300000,0x00000007eb3fd3e8,0x00000007eb400000)
  to   space 2560K, 0% used [0x00000007eb580000,0x00000007eb580000,0x00000007eb800000)
 ParOldGen       total 450560K, used 450413K [0x00000007c0000000, 0x00000007db800000, 0x00000007eab00000)
  object space 450560K, 99% used [0x00000007c0000000,0x00000007db7db520,0x00000007db800000)
 Metaspace       used 78826K, committed 80064K, reserved 1179648K
  class space    used 8999K, committed 9536K, reserved 1048576K
}
Event: 700.453 GC heap before
{Heap before GC invocations=704 (full 22):
 PSYoungGen      total 9216K, used 9204K [0x00000007eab00000, 0x00000007eb800000, 0x0000000800000000)
  eden space 8192K, 100% used [0x00000007eab00000,0x00000007eb300000,0x00000007eb300000)
  from space 1024K, 98% used [0x00000007eb300000,0x00000007eb3fd3e8,0x00000007eb400000)
  to   space 2560K, 0% used [0x00000007eb580000,0x00000007eb580000,0x00000007eb800000)
 ParOldGen       total 450560K, used 450413K [0x00000007c0000000, 0x00000007db800000, 0x00000007eab00000)
  object space 450560K, 99% used [0x00000007c0000000,0x00000007db7db520,0x00000007db800000)
 Metaspace       used 78826K, committed 80064K, reserved 1179648K
  class space    used 8999K, committed 9536K, reserved 1048576K
}
Event: 702.820 GC heap after
{Heap after GC invocations=704 (full 22):
 PSYoungGen      total 10752K, used 0K [0x00000007eab00000, 0x00000007eb800000, 0x0000000800000000)
  eden space 8192K, 0% used [0x00000007eab00000,0x00000007eab00000,0x00000007eb300000)
  from space 2560K, 0% used [0x00000007eb580000,0x00000007eb580000,0x00000007eb800000)
  to   space 2560K, 0% used [0x00000007eb300000,0x00000007eb300000,0x00000007eb580000)
 ParOldGen       total 507392K, used 430852K [0x00000007c0000000, 0x00000007def80000, 0x00000007eab00000)
  object space 507392K, 84% used [0x00000007c0000000,0x00000007da4c1190,0x00000007def80000)
 Metaspace       used 78814K, committed 80064K, reserved 1179648K
  class space    used 8996K, committed 9536K, reserved 1048576K
}
Event: 703.494 GC heap before
{Heap before GC invocations=705 (full 22):
 PSYoungGen      total 10752K, used 8192K [0x00000007eab00000, 0x00000007eb800000, 0x0000000800000000)
  eden space 8192K, 100% used [0x00000007eab00000,0x00000007eb300000,0x00000007eb300000)
  from space 2560K, 0% used [0x00000007eb580000,0x00000007eb580000,0x00000007eb800000)
  to   space 2560K, 0% used [0x00000007eb300000,0x00000007eb300000,0x00000007eb580000)
 ParOldGen       total 507392K, used 430852K [0x00000007c0000000, 0x00000007def80000, 0x00000007eab00000)
  object space 507392K, 84% used [0x00000007c0000000,0x00000007da4c1190,0x00000007def80000)
 Metaspace       used 78814K, committed 80064K, reserved 1179648K
  class space    used 8996K, committed 9536K, reserved 1048576K
}
Event: 703.496 GC heap after
{Heap after GC invocations=705 (full 22):
 PSYoungGen      total 9216K, used 736K [0x00000007eab00000, 0x00000007eb600000, 0x0000000800000000)
  eden space 8192K, 0% used [0x00000007eab00000,0x00000007eab00000,0x00000007eb300000)
  from space 1024K, 71% used [0x00000007eb300000,0x00000007eb3b8000,0x00000007eb400000)
  to   space 1536K, 0% used [0x00000007eb480000,0x00000007eb480000,0x00000007eb600000)
 ParOldGen       total 507392K, used 430852K [0x00000007c0000000, 0x00000007def80000, 0x00000007eab00000)
  object space 507392K, 84% used [0x00000007c0000000,0x00000007da4c1190,0x00000007def80000)
 Metaspace       used 78814K, committed 80064K, reserved 1179648K
  class space    used 8996K, committed 9536K, reserved 1048576K
}

